Multivariate ld-score regression of 2 traits (Cholesterol.sumstats.gz AD.sumstats.gz) began at: 2023-01-17 20:08:47
Reading in LD scores
Read in summary statistics [1/2] from: Cholesterol.sumstats.gz
Out of 71993 SNPs, 71744 remain after merging with LD-score files
Removing 16 SNPs with Chi^2 > 187.365; 71728 remain
Read in summary statistics [2/2] from: AD.sumstats.gz
Out of 71993 SNPs, 71744 remain after merging with LD-score files
Removing 2 SNPs with Chi^2 > 82.771; 71742 remain
          
Estimating heritability [1/3] for: Cholesterol.sumstats.gz
Heritability Results for trait: Cholesterol.sumstats.gz
Mean Chi^2 across remaining SNPs: 1.2376
Lambda GC: 1.0307
Intercept: 0.8816 (0.0277)
Ratio: -0.4984 (0.1167)
Total Observed Scale h2: 0.084 (0.0133)
h2 Z: 6.33
     
Calculating genetic covariance [2/3] for traits: Cholesterol.sumstats.gz and AD.sumstats.gz
71726 SNPs remain after merging Cholesterol.sumstats.gz and AD.sumstats.gz summary statistics
Results for genetic covariance between: Cholesterol.sumstats.gz and AD.sumstats.gz
Mean Z*Z: 0.0191
Cross trait Intercept: -0.01 (0.0119)
Total Observed Scale Genetic Covariance (g_cov): 0.0112 (0.0063)
g_cov Z: 1.78
g_cov P-value: 0.07465
          
Estimating heritability [3/3] for: AD.sumstats.gz
Heritability Results for trait: AD.sumstats.gz
Mean Chi^2 across remaining SNPs: 1.1167
Lambda GC: 1.0941
Intercept: 1.0225 (0.0272)
Ratio: 0.1929 (0.2328)
Total Observed Scale h2: 0.0644 (0.0194)
h2 Z: 3.32
     
      
Genetic Correlation Results
Genetic Correlation between Cholesterol.sumstats.gz and AD.sumstats.gz: 0.1524 (0.0855)
     
     
LDSC finished running at 2023-01-17 20:08:53
Running LDSC for all files took 0 minutes and 6 seconds
     
