Munging 2 summary statistics files: Cholesterol_AD, started at 2023-01-17 20:06:29
     
Interpreting the SNP column in Cholesterol as the SNP column.
Interpreting the BETA column as the effect column in Cholesterol.
Interpreting the SE column as the SE column in Cholesterol.
Interpreting the Z column in Cholesterol as the standardised effect column.
Interpreting the P column in Cholesterol as the P-value column.
Interpreting the ALT column in Cholesterol as the effect allele column.
Interpreting the REF column in Cholesterol as the alternate allele column.
Interpreting the N column as the sample size column in Cholesterol.
Interpreting the CHROM column in Cholesterol as the chromosome column.
Interpreting the POS column as the base pair/position column in Cholesterol.
Interpreting the SNP column in AD as the SNP column.
Interpreting the BETA column as the effect column in AD.
Interpreting the SE column as the SE column in AD.
Interpreting the Z column in AD as the standardised effect column.
Interpreting the P column in AD as the P-value column.
Interpreting the ALT column in AD as the effect allele column.
Interpreting the REF column in AD as the alternate allele column.
Interpreting the N column as the sample size column in AD.
Interpreting the CHROM column in AD as the chromosome column.
Interpreting the POS column as the base pair/position column in AD.
Munging LD score files, started at 2023-01-17 20:06:42
     
Interpreting the RS column in LDfile as the SNP column.
Interpreting the CHR column as the chromosome column in LDfile.
Interpreting the POS column as the base pair/position column in LDfile.
Interpreting the LDSC column as the LD score column in LDfile.
Interpreting the WEIGHT column as the weight column in LDfile.
Interpreting the RSID column as the SNP column in rhofile.
Interpreting the CHR column as the chromosome column in rhofile.
Interpreting the POS column as the base pair/position column in rhofile.
Interpreting the piK column as the proportion of effective SNPs in the local-LD distribution column in rhofile.
Interpreting the sigK column as the variance of the local-LD distribution column in rhofile.
Interpreting the m_local column as the number of SNPs used to calculate the local-LD distribution column in rhofile.
