The munging of 1 summary statistics started at 2023-03-17 15:35:05
Reading in reference file
Reading summary statistics for Willer2013ldl_GWAS.txt. Please note that this step usually takes a few minutes due to the size of summary statistic files.
All files loaded into R!



Munging file: Willer2013ldl_GWAS.txt
Interpreting the RSID column as the SNP column.
Interpreting the A1 column as the A1 column.
Interpreting the A2 column as the A2 column.
Interpreting the BETA column as the effect column.
Interpreting the PVAL column as the P column.
Interpreting the N column as the N column.
Interpreting the SE column as the SE column.
Merging file:Willer2013ldl_GWAS.txt with the reference file:resources/w_hm3.snplist
143639 rows present in the full Willer2013ldl_GWAS.txt summary statistics file.
71856 rows were removed from the Willer2013ldl_GWAS.txt summary statistics file as the rs-ids for these rows were not present in the reference file.
No INFO column, cannot filter on INFO, which may influence results
No MAF column, cannot filter on MAF, which may influence results
71783SNPs are left in the summary statistics file Willer2013ldl_GWAS.txt after QC.
I am done munging file: Willer2013ldl_GWAS.txt
The file is saved as Willer2013ldl.sumstats.gz in the current working directory.
     
Munging was completed at 2023-03-17 15:35:06
The munging of all files took 0 minutes and 1.35426592826843 seconds
Please check the .log file(s) to ensure that all columns were interpreted correctly and no warnings were issued for any of the summary statistics files
